TN:
SF:src/services/CreateComplaintService.ts
FN:11,(anonymous_18)
FN:12,CreateComplaintService
FN:17,(anonymous_20)
FN:45,(anonymous_23)
FNF:4
FNH:4
FNDA:1,(anonymous_18)
FNDA:2,CreateComplaintService
FNDA:3,(anonymous_20)
FNDA:1,(anonymous_23)
DA:1,1
DA:4,1
DA:11,1
DA:14,2
DA:17,1
DA:18,3
DA:19,3
DA:20,3
DA:21,3
DA:23,3
DA:30,3
DA:42,3
DA:45,1
DA:46,1
DA:53,1
DA:55,1
LF:16
LH:16
BRDA:23,0,0,3
BRDA:46,1,0,1
BRF:2
BRH:2
end_of_record
TN:
SF:src/services/CreateWhistleblowerService.ts
FN:9,(anonymous_17)
FN:10,CreateWhistleblowerService
FN:15,(anonymous_19)
FNF:3
FNH:3
FNDA:1,(anonymous_17)
FNDA:2,CreateWhistleblowerService
FNDA:3,(anonymous_19)
DA:1,1
DA:9,1
DA:12,2
DA:15,1
DA:16,3
DA:17,3
DA:19,3
DA:23,3
DA:24,1
DA:27,2
DA:32,2
DA:34,1
LF:12
LH:12
BRDA:19,0,0,3
BRDA:23,1,0,1
BRDA:23,1,1,2
BRF:3
BRH:3
end_of_record
TN:
SF:src/services/GetAddressService.ts
FN:12,(anonymous_14)
FN:13,(anonymous_16)
FNF:2
FNH:0
FNDA:0,(anonymous_14)
FNDA:0,(anonymous_16)
DA:1,0
DA:5,0
DA:12,0
DA:13,0
DA:14,0
DA:15,0
DA:18,0
DA:26,0
DA:35,0
DA:44,0
DA:49,0
DA:52,0
DA:54,0
DA:57,0
LF:14
LH:0
BRDA:44,0,0,0
BRDA:44,0,1,0
BRDA:45,1,0,0
BRDA:45,1,1,0
BRDA:45,1,2,0
BRF:5
BRH:0
end_of_record
